0 info it worked if it ends with ok
1 verbose cli [ '/usr/local/bin/node',
1 verbose cli   '/usr/local/bin/npm',
1 verbose cli   'run',
1 verbose cli   'dev:server' ]
2 info using npm@3.10.10
3 info using node@v6.10.3
4 verbose run-script [ 'predev:server', 'dev:server', 'postdev:server' ]
5 info lifecycle handlebars-intro@0.0.1~predev:server: handlebars-intro@0.0.1
6 silly lifecycle handlebars-intro@0.0.1~predev:server: no script for predev:server, continuing
7 info lifecycle handlebars-intro@0.0.1~dev:server: handlebars-intro@0.0.1
8 verbose lifecycle handlebars-intro@0.0.1~dev:server: unsafe-perm in lifecycle true
9 verbose lifecycle handlebars-intro@0.0.1~dev:server: PATH: /usr/local/lib/node_modules/npm/bin/node-gyp-bin:/Users/845868401/Desktop/virtualMachine/vagrantLAMP/www/git/handlebars-intro/node_modules/.bin:/usr/local/bin:/usr/bin:/bin:/usr/sbin:/sbin:/opt/X11/bin:/usr/local/git/bin:/Library/Frameworks/Mono.framework/Versions/Current/Commands
10 verbose lifecycle handlebars-intro@0.0.1~dev:server: CWD: /Users/845868401/Desktop/virtualMachine/vagrantLAMP/www/git/handlebars-intro
11 silly lifecycle handlebars-intro@0.0.1~dev:server: Args: [ '-c', 'nodemon -L index.js' ]
12 info lifecycle handlebars-intro@0.0.1~dev:server: Failed to exec dev:server script
13 verbose stack Error: handlebars-intro@0.0.1 dev:server: `nodemon -L index.js`
13 verbose stack spawn ENOENT
13 verbose stack     at ChildProcess.<anonymous> (/usr/local/lib/node_modules/npm/lib/utils/spawn.js:33:16)
13 verbose stack     at emitTwo (events.js:106:13)
13 verbose stack     at ChildProcess.emit (events.js:191:7)
13 verbose stack     at maybeClose (internal/child_process.js:886:16)
13 verbose stack     at Process.ChildProcess._handle.onexit (internal/child_process.js:226:5)
14 verbose pkgid handlebars-intro@0.0.1
15 verbose cwd /Users/845868401/Desktop/virtualMachine/vagrantLAMP/www/git/handlebars-intro
16 error Darwin 17.5.0
17 error argv "/usr/local/bin/node" "/usr/local/bin/npm" "run" "dev:server"
18 error node v6.10.3
19 error npm  v3.10.10
20 error file sh
21 error code ELIFECYCLE
22 error errno ENOENT
23 error syscall spawn
24 error handlebars-intro@0.0.1 dev:server: `nodemon -L index.js`
24 error spawn ENOENT
25 error Failed at the handlebars-intro@0.0.1 dev:server script 'nodemon -L index.js'.
25 error Make sure you have the latest version of node.js and npm installed.
25 error If you do, this is most likely a problem with the handlebars-intro package,
25 error not with npm itself.
25 error Tell the author that this fails on your system:
25 error     nodemon -L index.js
25 error You can get information on how to open an issue for this project with:
25 error     npm bugs handlebars-intro
25 error Or if that isn't available, you can get their info via:
25 error     npm owner ls handlebars-intro
25 error There is likely additional logging output above.
26 verbose exit [ 1, true ]
